  uic InfoQuery.ui
  moc FaceMaskDetection.h
  CameraDrive.cpp
  FaceMaskDetection.cpp
  InfoQuery.cpp
  RegisterFace.cpp
  Solution.cpp
  main.cpp
C:\Users\lx\Desktop\佩戴口罩检测\SeetaFaceEngine-master\FaceIdentification\include\face_identification.h(44): warning C4010: 单行注释包含行继续符 (编译源文件 Solution.cpp)
C:\Users\lx\Desktop\佩戴口罩检测\SeetaFaceEngine-master\FaceIdentification\include\face_identification.h(46): warning C4010: 单行注释包含行继续符 (编译源文件 Solution.cpp)
C:\Users\lx\Desktop\佩戴口罩检测\SeetaFaceEngine-master\FaceIdentification\include\face_identification.h(47): warning C4010: 单行注释包含行继续符 (编译源文件 Solution.cpp)
C:\Users\lx\Desktop\佩戴口罩检测\SeetaFaceEngine-master\FaceIdentification\include\face_identification.h(53): warning C4010: 单行注释包含行继续符 (编译源文件 Solution.cpp)
C:\Users\lx\Desktop\佩戴口罩检测\SeetaFaceEngine-master\FaceIdentification\include\face_identification.h(70): warning C4010: 单行注释包含行继续符 (编译源文件 Solution.cpp)
C:\Users\lx\Desktop\佩戴口罩检测\SeetaFaceEngine-master\FaceIdentification\include\face_identification.h(71): warning C4010: 单行注释包含行继续符 (编译源文件 Solution.cpp)
C:\Users\lx\Desktop\佩戴口罩检测\SeetaFaceEngine-master\FaceIdentification\include\face_identification.h(82): warning C4010: 单行注释包含行继续符 (编译源文件 Solution.cpp)
c:\users\lx\desktop\佩戴口罩检测\project2\facemaskdetection\facemaskdetection\anchor.h(7761): warning C4838: 从“double”转换到“const float”需要收缩转换 (编译源文件 Solution.cpp)
C:\Users\lx\Desktop\佩戴口罩检测\SeetaFaceEngine-master\FaceIdentification\include\face_identification.h(44): warning C4010: 单行注释包含行继续符 (编译源文件 CameraDrive.cpp)
C:\Users\lx\Desktop\佩戴口罩检测\SeetaFaceEngine-master\FaceIdentification\include\face_identification.h(46): warning C4010: 单行注释包含行继续符 (编译源文件 CameraDrive.cpp)
C:\Users\lx\Desktop\佩戴口罩检测\SeetaFaceEngine-master\FaceIdentification\include\face_identification.h(47): warning C4010: 单行注释包含行继续符 (编译源文件 CameraDrive.cpp)
C:\Users\lx\Desktop\佩戴口罩检测\SeetaFaceEngine-master\FaceIdentification\include\face_identification.h(53): warning C4010: 单行注释包含行继续符 (编译源文件 CameraDrive.cpp)
C:\Users\lx\Desktop\佩戴口罩检测\SeetaFaceEngine-master\FaceIdentification\include\face_identification.h(70): warning C4010: 单行注释包含行继续符 (编译源文件 CameraDrive.cpp)
C:\Users\lx\Desktop\佩戴口罩检测\SeetaFaceEngine-master\FaceIdentification\include\face_identification.h(71): warning C4010: 单行注释包含行继续符 (编译源文件 CameraDrive.cpp)
C:\Users\lx\Desktop\佩戴口罩检测\SeetaFaceEngine-master\FaceIdentification\include\face_identification.h(82): warning C4010: 单行注释包含行继续符 (编译源文件 CameraDrive.cpp)
c:\users\lx\desktop\佩戴口罩检测\project2\facemaskdetection\facemaskdetection\anchor.h(7761): warning C4838: 从“double”转换到“const float”需要收缩转换 (编译源文件 CameraDrive.cpp)
C:\Users\lx\Desktop\佩戴口罩检测\SeetaFaceEngine-master\FaceIdentification\include\face_identification.h(44): warning C4010: 单行注释包含行继续符 (编译源文件 RegisterFace.cpp)
C:\Users\lx\Desktop\佩戴口罩检测\SeetaFaceEngine-master\FaceIdentification\include\face_identification.h(46): warning C4010: 单行注释包含行继续符 (编译源文件 RegisterFace.cpp)
C:\Users\lx\Desktop\佩戴口罩检测\SeetaFaceEngine-master\FaceIdentification\include\face_identification.h(47): warning C4010: 单行注释包含行继续符 (编译源文件 RegisterFace.cpp)
C:\Users\lx\Desktop\佩戴口罩检测\SeetaFaceEngine-master\FaceIdentification\include\face_identification.h(53): warning C4010: 单行注释包含行继续符 (编译源文件 RegisterFace.cpp)
C:\Users\lx\Desktop\佩戴口罩检测\SeetaFaceEngine-master\FaceIdentification\include\face_identification.h(70): warning C4010: 单行注释包含行继续符 (编译源文件 RegisterFace.cpp)
C:\Users\lx\Desktop\佩戴口罩检测\SeetaFaceEngine-master\FaceIdentification\include\face_identification.h(71): warning C4010: 单行注释包含行继续符 (编译源文件 RegisterFace.cpp)
C:\Users\lx\Desktop\佩戴口罩检测\SeetaFaceEngine-master\FaceIdentification\include\face_identification.h(82): warning C4010: 单行注释包含行继续符 (编译源文件 RegisterFace.cpp)
c:\users\lx\desktop\佩戴口罩检测\project2\facemaskdetection\facemaskdetection\anchor.h(7761): warning C4838: 从“double”转换到“const float”需要收缩转换 (编译源文件 RegisterFace.cpp)
C:\Users\lx\Desktop\佩戴口罩检测\SeetaFaceEngine-master\FaceIdentification\include\face_identification.h(44): warning C4010: 单行注释包含行继续符 (编译源文件 main.cpp)
C:\Users\lx\Desktop\佩戴口罩检测\SeetaFaceEngine-master\FaceIdentification\include\face_identification.h(46): warning C4010: 单行注释包含行继续符 (编译源文件 main.cpp)
C:\Users\lx\Desktop\佩戴口罩检测\SeetaFaceEngine-master\FaceIdentification\include\face_identification.h(47): warning C4010: 单行注释包含行继续符 (编译源文件 main.cpp)
C:\Users\lx\Desktop\佩戴口罩检测\SeetaFaceEngine-master\FaceIdentification\include\face_identification.h(53): warning C4010: 单行注释包含行继续符 (编译源文件 main.cpp)
C:\Users\lx\Desktop\佩戴口罩检测\SeetaFaceEngine-master\FaceIdentification\include\face_identification.h(70): warning C4010: 单行注释包含行继续符 (编译源文件 main.cpp)
C:\Users\lx\Desktop\佩戴口罩检测\SeetaFaceEngine-master\FaceIdentification\include\face_identification.h(71): warning C4010: 单行注释包含行继续符 (编译源文件 main.cpp)
C:\Users\lx\Desktop\佩戴口罩检测\SeetaFaceEngine-master\FaceIdentification\include\face_identification.h(82): warning C4010: 单行注释包含行继续符 (编译源文件 main.cpp)
c:\users\lx\desktop\佩戴口罩检测\project2\facemaskdetection\facemaskdetection\anchor.h(7761): warning C4838: 从“double”转换到“const float”需要收缩转换 (编译源文件 main.cpp)
C:\Users\lx\Desktop\佩戴口罩检测\SeetaFaceEngine-master\FaceIdentification\include\face_identification.h(44): warning C4010: 单行注释包含行继续符 (编译源文件 FaceMaskDetection.cpp)
C:\Users\lx\Desktop\佩戴口罩检测\SeetaFaceEngine-master\FaceIdentification\include\face_identification.h(46): warning C4010: 单行注释包含行继续符 (编译源文件 FaceMaskDetection.cpp)
C:\Users\lx\Desktop\佩戴口罩检测\SeetaFaceEngine-master\FaceIdentification\include\face_identification.h(47): warning C4010: 单行注释包含行继续符 (编译源文件 FaceMaskDetection.cpp)
C:\Users\lx\Desktop\佩戴口罩检测\SeetaFaceEngine-master\FaceIdentification\include\face_identification.h(53): warning C4010: 单行注释包含行继续符 (编译源文件 FaceMaskDetection.cpp)
C:\Users\lx\Desktop\佩戴口罩检测\SeetaFaceEngine-master\FaceIdentification\include\face_identification.h(70): warning C4010: 单行注释包含行继续符 (编译源文件 FaceMaskDetection.cpp)
C:\Users\lx\Desktop\佩戴口罩检测\SeetaFaceEngine-master\FaceIdentification\include\face_identification.h(71): warning C4010: 单行注释包含行继续符 (编译源文件 FaceMaskDetection.cpp)
C:\Users\lx\Desktop\佩戴口罩检测\SeetaFaceEngine-master\FaceIdentification\include\face_identification.h(82): warning C4010: 单行注释包含行继续符 (编译源文件 FaceMaskDetection.cpp)
c:\users\lx\desktop\佩戴口罩检测\project2\facemaskdetection\facemaskdetection\anchor.h(7761): warning C4838: 从“double”转换到“const float”需要收缩转换 (编译源文件 FaceMaskDetection.cpp)
Solution.cpp(342): warning C4838: 从“double”转换到“float”需要收缩转换 (编译源文件 Solution.cpp)
e:\mysql\include\mysql_com.h(27): warning C4005: “NAME_LEN”: 宏重定义 (编译源文件 main.cpp)
  C:\Users\lx\Desktop\佩戴口罩检测\海康威视摄像头测试\CH-HCNetSDKV6.1.4.42_build20200527_win64\头文件\HCNetSDK.h(99): note: 参见“NAME_LEN”的前一个定义 (编译源文件 main.cpp)
e:\mysql\include\mysql_com.h(27): warning C4005: “NAME_LEN”: 宏重定义 (编译源文件 FaceMaskDetection.cpp)
  C:\Users\lx\Desktop\佩戴口罩检测\海康威视摄像头测试\CH-HCNetSDKV6.1.4.42_build20200527_win64\头文件\HCNetSDK.h(99): note: 参见“NAME_LEN”的前一个定义 (编译源文件 FaceMaskDetection.cpp)
  moc_FaceMaskDetection.cpp
  moc_InfoQuery.cpp
  moc_RegisterFace.cpp
C:\Users\lx\Desktop\佩戴口罩检测\SeetaFaceEngine-master\FaceIdentification\include\face_identification.h(44): warning C4010: 单行注释包含行继续符 (编译源文件 x64\Debug\moc\moc_RegisterFace.cpp)
C:\Users\lx\Desktop\佩戴口罩检测\SeetaFaceEngine-master\FaceIdentification\include\face_identification.h(46): warning C4010: 单行注释包含行继续符 (编译源文件 x64\Debug\moc\moc_RegisterFace.cpp)
C:\Users\lx\Desktop\佩戴口罩检测\SeetaFaceEngine-master\FaceIdentification\include\face_identification.h(47): warning C4010: 单行注释包含行继续符 (编译源文件 x64\Debug\moc\moc_RegisterFace.cpp)
C:\Users\lx\Desktop\佩戴口罩检测\SeetaFaceEngine-master\FaceIdentification\include\face_identification.h(53): warning C4010: 单行注释包含行继续符 (编译源文件 x64\Debug\moc\moc_RegisterFace.cpp)
C:\Users\lx\Desktop\佩戴口罩检测\SeetaFaceEngine-master\FaceIdentification\include\face_identification.h(70): warning C4010: 单行注释包含行继续符 (编译源文件 x64\Debug\moc\moc_RegisterFace.cpp)
C:\Users\lx\Desktop\佩戴口罩检测\SeetaFaceEngine-master\FaceIdentification\include\face_identification.h(71): warning C4010: 单行注释包含行继续符 (编译源文件 x64\Debug\moc\moc_RegisterFace.cpp)
C:\Users\lx\Desktop\佩戴口罩检测\SeetaFaceEngine-master\FaceIdentification\include\face_identification.h(82): warning C4010: 单行注释包含行继续符 (编译源文件 x64\Debug\moc\moc_RegisterFace.cpp)
c:\users\lx\desktop\佩戴口罩检测\project2\facemaskdetection\facemaskdetection\anchor.h(7761): warning C4838: 从“double”转换到“const float”需要收缩转换 (编译源文件 x64\Debug\moc\moc_RegisterFace.cpp)
C:\Users\lx\Desktop\佩戴口罩检测\SeetaFaceEngine-master\FaceIdentification\include\face_identification.h(44): warning C4010: 单行注释包含行继续符 (编译源文件 x64\Debug\moc\moc_FaceMaskDetection.cpp)
C:\Users\lx\Desktop\佩戴口罩检测\SeetaFaceEngine-master\FaceIdentification\include\face_identification.h(46): warning C4010: 单行注释包含行继续符 (编译源文件 x64\Debug\moc\moc_FaceMaskDetection.cpp)
C:\Users\lx\Desktop\佩戴口罩检测\SeetaFaceEngine-master\FaceIdentification\include\face_identification.h(47): warning C4010: 单行注释包含行继续符 (编译源文件 x64\Debug\moc\moc_FaceMaskDetection.cpp)
C:\Users\lx\Desktop\佩戴口罩检测\SeetaFaceEngine-master\FaceIdentification\include\face_identification.h(53): warning C4010: 单行注释包含行继续符 (编译源文件 x64\Debug\moc\moc_FaceMaskDetection.cpp)
C:\Users\lx\Desktop\佩戴口罩检测\SeetaFaceEngine-master\FaceIdentification\include\face_identification.h(70): warning C4010: 单行注释包含行继续符 (编译源文件 x64\Debug\moc\moc_FaceMaskDetection.cpp)
C:\Users\lx\Desktop\佩戴口罩检测\SeetaFaceEngine-master\FaceIdentification\include\face_identification.h(71): warning C4010: 单行注释包含行继续符 (编译源文件 x64\Debug\moc\moc_FaceMaskDetection.cpp)
C:\Users\lx\Desktop\佩戴口罩检测\SeetaFaceEngine-master\FaceIdentification\include\face_identification.h(82): warning C4010: 单行注释包含行继续符 (编译源文件 x64\Debug\moc\moc_FaceMaskDetection.cpp)
c:\users\lx\desktop\佩戴口罩检测\project2\facemaskdetection\facemaskdetection\anchor.h(7761): warning C4838: 从“double”转换到“const float”需要收缩转换 (编译源文件 x64\Debug\moc\moc_FaceMaskDetection.cpp)
e:\mysql\include\mysql_com.h(27): warning C4005: “NAME_LEN”: 宏重定义 (编译源文件 x64\Debug\moc\moc_FaceMaskDetection.cpp)
  C:\Users\lx\Desktop\佩戴口罩检测\海康威视摄像头测试\CH-HCNetSDKV6.1.4.42_build20200527_win64\头文件\HCNetSDK.h(99): note: 参见“NAME_LEN”的前一个定义 (编译源文件 x64\Debug\moc\moc_FaceMaskDetection.cpp)
  FaceMaskDetection.vcxproj -> C:\Users\lx\Desktop\佩戴口罩检测\project2\FaceMaskDetection\x64\Debug\FaceMaskDetection.exe
  FaceMaskDetection.vcxproj -> C:\Users\lx\Desktop\佩戴口罩检测\project2\FaceMaskDetection\x64\Debug\FaceMaskDetection.pdb (Full PDB)
