c:\users\lx\desktop\佩戴口罩检测\seetafaceengine-master\project\facedetection\faceidentification\faceidentification\x64\debug\vc140.pdb
c:\users\lx\desktop\佩戴口罩检测\seetafaceengine-master\project\facedetection\faceidentification\faceidentification\x64\debug\vc140.idb
c:\users\lx\desktop\佩戴口罩检测\seetafaceengine-master\project\facedetection\faceidentification\faceidentification\x64\debug\bias_adder_net.obj
c:\users\lx\desktop\佩戴口罩检测\seetafaceengine-master\project\facedetection\faceidentification\faceidentification\x64\debug\blob.obj
c:\users\lx\desktop\佩戴口罩检测\seetafaceengine-master\project\facedetection\faceidentification\faceidentification\x64\debug\bn_net.obj
c:\users\lx\desktop\佩戴口罩检测\seetafaceengine-master\project\facedetection\faceidentification\faceidentification\x64\debug\common_net.obj
c:\users\lx\desktop\佩戴口罩检测\seetafaceengine-master\project\facedetection\faceidentification\faceidentification\x64\debug\conv_net.obj
c:\users\lx\desktop\佩戴口罩检测\seetafaceengine-master\project\facedetection\faceidentification\faceidentification\x64\debug\eltwise_net.obj
c:\users\lx\desktop\佩戴口罩检测\seetafaceengine-master\project\facedetection\faceidentification\faceidentification\x64\debug\inner_product_net.obj
c:\users\lx\desktop\佩戴口罩检测\seetafaceengine-master\project\facedetection\faceidentification\faceidentification\x64\debug\log.obj
c:\users\lx\desktop\佩戴口罩检测\seetafaceengine-master\project\facedetection\faceidentification\faceidentification\x64\debug\math_functions.obj
c:\users\lx\desktop\佩戴口罩检测\seetafaceengine-master\project\facedetection\faceidentification\faceidentification\x64\debug\max_pooling_net.obj
c:\users\lx\desktop\佩戴口罩检测\seetafaceengine-master\project\facedetection\faceidentification\faceidentification\x64\debug\net.obj
c:\users\lx\desktop\佩戴口罩检测\seetafaceengine-master\project\facedetection\faceidentification\faceidentification\x64\debug\pad_net.obj
c:\users\lx\desktop\佩戴口罩检测\seetafaceengine-master\project\facedetection\faceidentification\faceidentification\x64\debug\spatial_transform_net.obj
c:\users\lx\desktop\佩戴口罩检测\seetafaceengine-master\project\facedetection\faceidentification\faceidentification\x64\debug\tform_maker_net.obj
c:\users\lx\desktop\佩戴口罩检测\seetafaceengine-master\project\facedetection\faceidentification\faceidentification\x64\debug\aligner.obj
c:\users\lx\desktop\佩戴口罩检测\seetafaceengine-master\project\facedetection\faceidentification\faceidentification\x64\debug\face_identification.obj
c:\users\lx\desktop\佩戴口罩检测\seetafaceengine-master\project\facedetection\identification\x64\debug\faceidentification.lib
c:\users\lx\desktop\佩戴口罩检测\seetafaceengine-master\project\facedetection\identification\x64\debug\faceidentification.exp
c:\users\lx\desktop\佩戴口罩检测\seetafaceengine-master\project\facedetection\identification\x64\debug\faceidentification.ilk
c:\users\lx\desktop\佩戴口罩检测\seetafaceengine-master\project\facedetection\identification\x64\debug\faceidentification.dll
c:\users\lx\desktop\佩戴口罩检测\seetafaceengine-master\project\facedetection\identification\x64\debug\faceidentification.pdb
c:\users\lx\desktop\佩戴口罩检测\seetafaceengine-master\project\facedetection\faceidentification\faceidentification\x64\debug\faceiden.ab14806b.tlog\cl.command.1.tlog
c:\users\lx\desktop\佩戴口罩检测\seetafaceengine-master\project\facedetection\faceidentification\faceidentification\x64\debug\faceiden.ab14806b.tlog\cl.read.1.tlog
c:\users\lx\desktop\佩戴口罩检测\seetafaceengine-master\project\facedetection\faceidentification\faceidentification\x64\debug\faceiden.ab14806b.tlog\cl.write.1.tlog
c:\users\lx\desktop\佩戴口罩检测\seetafaceengine-master\project\facedetection\faceidentification\faceidentification\x64\debug\faceiden.ab14806b.tlog\faceidentification.write.1u.tlog
c:\users\lx\desktop\佩戴口罩检测\seetafaceengine-master\project\facedetection\faceidentification\faceidentification\x64\debug\faceiden.ab14806b.tlog\link.command.1.tlog
c:\users\lx\desktop\佩戴口罩检测\seetafaceengine-master\project\facedetection\faceidentification\faceidentification\x64\debug\faceiden.ab14806b.tlog\link.read.1.tlog
c:\users\lx\desktop\佩戴口罩检测\seetafaceengine-master\project\facedetection\faceidentification\faceidentification\x64\debug\faceiden.ab14806b.tlog\link.write.1.tlog
