  cfan.cpp
src\cfan.cpp(109): warning C4996: 'fopen': This function or variable may be unsafe. Consider using fopen_s instead. To disable deprecation, use _CRT_SECURE_NO_WARNINGS. See online help for details.
  C:\Program Files (x86)\Windows Kits\10\Include\10.0.10240.0\ucrt\stdio.h(205): note: 参见“fopen”的声明
src\cfan.cpp(166): warning C4305: “初始化”: 从“double”到“float”截断
src\cfan.cpp(167): warning C4305: “初始化”: 从“double”到“float”截断
src\cfan.cpp(214): warning C4244: “=”: 从“double”转换到“float”，可能丢失数据
src\cfan.cpp(247): warning C4244: “=”: 从“double”转换到“float”，可能丢失数据
src\cfan.cpp(290): warning C4244: “=”: 从“double”转换到“float”，可能丢失数据
src\cfan.cpp(323): warning C4244: “=”: 从“double”转换到“float”，可能丢失数据
src\cfan.cpp(394): warning C4244: “初始化”: 从“double”转换到“int”，可能丢失数据
src\cfan.cpp(395): warning C4244: “初始化”: 从“double”转换到“int”，可能丢失数据
  face_alignment.cpp
src\face_alignment.cpp(46): warning C4273: “seeta::FaceAlignment::FaceAlignment”: dll 链接不一致
  C:\Users\lx\Desktop\佩戴口罩检测\SeetaFaceEngine-master\FaceAlignment\include\face_alignment.h(49): note: 参见“{ctor}”的前一个定义
src\face_alignment.cpp(59): warning C4273: “seeta::FaceAlignment::PointDetectLandmarks”: dll 链接不一致
  C:\Users\lx\Desktop\佩戴口罩检测\SeetaFaceEngine-master\FaceAlignment\include\face_alignment.h(61): note: 参见“PointDetectLandmarks”的前一个定义
src\face_alignment.cpp(79): warning C4273: “seeta::FaceAlignment::~FaceAlignment”: dll 链接不一致
  C:\Users\lx\Desktop\佩戴口罩检测\SeetaFaceEngine-master\FaceAlignment\include\face_alignment.h(54): note: 参见“{dtor}”的前一个定义
  sift.cpp
    正在创建库 C:\Users\lx\Desktop\佩戴口罩检测\SeetaFaceEngine-master\project\faceDetection\Identification\x64\Release\faceAlignment.lib 和对象 C:\Users\lx\Desktop\佩戴口罩检测\SeetaFaceEngine-master\project\faceDetection\Identification\x64\Release\faceAlignment.exp
  正在生成代码
  All 28 functions were compiled because no usable IPDB/IOBJ from previous compilation was found.
  已完成代码的生成
  faceAlignment.vcxproj -> C:\Users\lx\Desktop\佩戴口罩检测\SeetaFaceEngine-master\project\faceDetection\Identification\x64\Release\faceAlignment.dll
  faceAlignment.vcxproj -> C:\Users\lx\Desktop\佩戴口罩检测\SeetaFaceEngine-master\project\faceDetection\Identification\x64\Release\faceAlignment.pdb (Full PDB)
