c:\users\lx\desktop\佩戴口罩检测\seetafaceengine-master\project\facedetection\facedetection\facedetection\x64\debug\vc140.pdb
c:\users\lx\desktop\佩戴口罩检测\seetafaceengine-master\project\facedetection\facedetection\facedetection\x64\debug\vc140.idb
c:\users\lx\desktop\佩戴口罩检测\seetafaceengine-master\project\facedetection\facedetection\facedetection\x64\debug\lab_boosted_classifier.obj
c:\users\lx\desktop\佩戴口罩检测\seetafaceengine-master\project\facedetection\facedetection\facedetection\x64\debug\mlp.obj
c:\users\lx\desktop\佩戴口罩检测\seetafaceengine-master\project\facedetection\facedetection\facedetection\x64\debug\surf_mlp.obj
c:\users\lx\desktop\佩戴口罩检测\seetafaceengine-master\project\facedetection\facedetection\facedetection\x64\debug\face_detection.obj
c:\users\lx\desktop\佩戴口罩检测\seetafaceengine-master\project\facedetection\facedetection\facedetection\x64\debug\lab_feature_map.obj
c:\users\lx\desktop\佩戴口罩检测\seetafaceengine-master\project\facedetection\facedetection\facedetection\x64\debug\surf_feature_map.obj
c:\users\lx\desktop\佩戴口罩检测\seetafaceengine-master\project\facedetection\facedetection\facedetection\x64\debug\fust.obj
c:\users\lx\desktop\佩戴口罩检测\seetafaceengine-master\project\facedetection\facedetection\facedetection\x64\debug\lab_boost_model_reader.obj
c:\users\lx\desktop\佩戴口罩检测\seetafaceengine-master\project\facedetection\facedetection\facedetection\x64\debug\surf_mlp_model_reader.obj
c:\users\lx\desktop\佩戴口罩检测\seetafaceengine-master\project\facedetection\facedetection\facedetection\x64\debug\image_pyramid.obj
c:\users\lx\desktop\佩戴口罩检测\seetafaceengine-master\project\facedetection\facedetection\facedetection\x64\debug\nms.obj
c:\users\lx\desktop\佩戴口罩检测\seetafaceengine-master\project\facedetection\identification\x64\debug\facedetection.lib
c:\users\lx\desktop\佩戴口罩检测\seetafaceengine-master\project\facedetection\identification\x64\debug\facedetection.exp
c:\users\lx\desktop\佩戴口罩检测\seetafaceengine-master\project\facedetection\identification\x64\debug\facedetection.ilk
c:\users\lx\desktop\佩戴口罩检测\seetafaceengine-master\project\facedetection\identification\x64\debug\facedetection.dll
c:\users\lx\desktop\佩戴口罩检测\seetafaceengine-master\project\facedetection\identification\x64\debug\facedetection.pdb
c:\users\lx\desktop\佩戴口罩检测\seetafaceengine-master\project\facedetection\facedetection\facedetection\x64\debug\facedetection.tlog\cl.command.1.tlog
c:\users\lx\desktop\佩戴口罩检测\seetafaceengine-master\project\facedetection\facedetection\facedetection\x64\debug\facedetection.tlog\cl.read.1.tlog
c:\users\lx\desktop\佩戴口罩检测\seetafaceengine-master\project\facedetection\facedetection\facedetection\x64\debug\facedetection.tlog\cl.write.1.tlog
c:\users\lx\desktop\佩戴口罩检测\seetafaceengine-master\project\facedetection\facedetection\facedetection\x64\debug\facedetection.tlog\facedetection.write.1u.tlog
c:\users\lx\desktop\佩戴口罩检测\seetafaceengine-master\project\facedetection\facedetection\facedetection\x64\debug\facedetection.tlog\link.command.1.tlog
c:\users\lx\desktop\佩戴口罩检测\seetafaceengine-master\project\facedetection\facedetection\facedetection\x64\debug\facedetection.tlog\link.read.1.tlog
c:\users\lx\desktop\佩戴口罩检测\seetafaceengine-master\project\facedetection\facedetection\facedetection\x64\debug\facedetection.tlog\link.write.1.tlog
